# JRE version: OpenJDK Runtime Environment Temurin-21.0.8+9 (21.0.8+9) (build 21.0.8+9-LTS)
# Java VM: OpenJDK 64-Bit Server VM Temurin-21.0.8+9 (21.0.8+9-LTS, mixed mode, sharing, tiered, compressed oops, compressed class ptrs, parallel gc, windows-amd64)
GC Precious Log:
 CardTable entry size: 512
 CPUs: 4 total, 4 available
 Memory: 3533M
 Large Page Support: Disabled
 NUMA Support: Disabled
 Compressed Oops: Enabled (32-bit)
 Alignments: Space 512K, Generation 512K, Heap 2M
 Heap Min Capacity: 100M
 Heap Initial Capacity: 100M
 Heap Max Capacity: 2G
 Pre-touch: Disabled
 Parallel Workers: 4
Heap:
 PSYoungGen      total 58368K, used 47161K [0x00000000d5580000, 0x00000000da280000, 0x0000000100000000)
  eden space 49152K, 88% used [0x00000000d5580000,0x00000000d7ffa070,0x00000000d8580000)
  from space 9216K, 39% used [0x00000000d9200000,0x00000000d9594688,0x00000000d9b00000)
  to   space 4608K, 0% used [0x00000000d9e00000,0x00000000d9e00000,0x00000000da280000)
 ParOldGen       total 796160K, used 469584K [0x0000000080000000, 0x00000000b0980000, 0x00000000d5580000)
  object space 796160K, 58% used [0x0000000080000000,0x000000009ca94378,0x00000000b0980000)
 Metaspace       used 91725K, committed 93504K, reserved 1179648K
  class space    used 9038K, committed 9920K, reserved 1048576K
GC Heap History (20 events):
Event: 46889.103 GC heap before
{Heap before GC invocations=4612 (full 6):
 PSYoungGen      total 49664K, used 49652K [0x00000000d5580000, 0x00000000db900000, 0x0000000100000000)
  eden space 45056K, 100% used [0x00000000d5580000,0x00000000d8180000,0x00000000d8180000)
  from space 4608K, 99% used [0x00000000d8180000,0x00000000d85fd1a0,0x00000000d8600000)
  to   space 25088K, 0% used [0x00000000da080000,0x00000000da080000,0x00000000db900000)
 ParOldGen       total 796160K, used 404782K [0x0000000080000000, 0x00000000b0980000, 0x00000000d5580000)
  object space 796160K, 50% used [0x0000000080000000,0x0000000098b4b988,0x00000000b0980000)
 Metaspace       used 91547K, committed 93312K, reserved 1179648K
  class space    used 9024K, committed 9920K, reserved 1048576K
}
Event: 46889.173 GC heap after
{Heap after GC invocations=4612 (full 6):
 PSYoungGen      total 55808K, used 3969K [0x00000000d5580000, 0x00000000da480000, 0x0000000100000000)
  eden space 51712K, 0% used [0x00000000d5580000,0x00000000d5580000,0x00000000d8800000)
  from space 4096K, 96% used [0x00000000da080000,0x00000000da460658,0x00000000da480000)
  to   space 10752K, 0% used [0x00000000d8f80000,0x00000000d8f80000,0x00000000d9a00000)
 ParOldGen       total 796160K, used 409337K [0x0000000080000000, 0x00000000b0980000, 0x00000000d5580000)
  object space 796160K, 51% used [0x0000000080000000,0x0000000098fbe538,0x00000000b0980000)
 Metaspace       used 91547K, committed 93312K, reserved 1179648K
  class space    used 9024K, committed 9920K, reserved 1048576K
}
Event: 46890.412 GC heap before
{Heap before GC invocations=4613 (full 6):
 PSYoungGen      total 55808K, used 55681K [0x00000000d5580000, 0x00000000da480000, 0x0000000100000000)
  eden space 51712K, 100% used [0x00000000d5580000,0x00000000d8800000,0x00000000d8800000)
  from space 4096K, 96% used [0x00000000da080000,0x00000000da460658,0x00000000da480000)
  to   space 10752K, 0% used [0x00000000d8f80000,0x00000000d8f80000,0x00000000d9a00000)
 ParOldGen       total 796160K, used 409337K [0x0000000080000000, 0x00000000b0980000, 0x00000000d5580000)
  object space 796160K, 51% used [0x0000000080000000,0x0000000098fbe538,0x00000000b0980000)
 Metaspace       used 91548K, committed 93312K, reserved 1179648K
  class space    used 9024K, committed 9920K, reserved 1048576K
}
Event: 46890.534 GC heap after
{Heap after GC invocations=4613 (full 6):
 PSYoungGen      total 69632K, used 4057K [0x00000000d5580000, 0x00000000da100000, 0x0000000100000000)
  eden space 58880K, 0% used [0x00000000d5580000,0x00000000d5580000,0x00000000d8f00000)
  from space 10752K, 37% used [0x00000000d8f80000,0x00000000d9376470,0x00000000d9a00000)
  to   space 5120K, 0% used [0x00000000d9c00000,0x00000000d9c00000,0x00000000da100000)
 ParOldGen       total 796160K, used 413218K [0x0000000080000000, 0x00000000b0980000, 0x00000000d5580000)
  object space 796160K, 51% used [0x0000000080000000,0x0000000099388af8,0x00000000b0980000)
 Metaspace       used 91548K, committed 93312K, reserved 1179648K
  class space    used 9024K, committed 9920K, reserved 1048576K
}
Event: 46900.861 GC heap before
{Heap before GC invocations=4614 (full 6):
 PSYoungGen      total 69632K, used 62937K [0x00000000d5580000, 0x00000000da100000, 0x0000000100000000)
  eden space 58880K, 100% used [0x00000000d5580000,0x00000000d8f00000,0x00000000d8f00000)
  from space 10752K, 37% used [0x00000000d8f80000,0x00000000d9376470,0x00000000d9a00000)
  to   space 5120K, 0% used [0x00000000d9c00000,0x00000000d9c00000,0x00000000da100000)
 ParOldGen       total 796160K, used 413218K [0x0000000080000000, 0x00000000b0980000, 0x00000000d5580000)
  object space 796160K, 51% used [0x0000000080000000,0x0000000099388af8,0x00000000b0980000)
 Metaspace       used 91551K, committed 93312K, reserved 1179648K
  class space    used 9024K, committed 9920K, reserved 1048576K
}
Event: 46901.089 GC heap after
{Heap after GC invocations=4614 (full 6):
 PSYoungGen      total 57344K, used 5092K [0x00000000d5580000, 0x00000000dbd00000, 0x0000000100000000)
  eden space 52224K, 0% used [0x00000000d5580000,0x00000000d5580000,0x00000000d8880000)
  from space 5120K, 99% used [0x00000000d9c00000,0x00000000da0f9190,0x00000000da100000)
  to   space 19968K, 0% used [0x00000000d8880000,0x00000000d8880000,0x00000000d9c00000)
 ParOldGen       total 796160K, used 425708K [0x0000000080000000, 0x00000000b0980000, 0x00000000d5580000)
  object space 796160K, 53% used [0x0000000080000000,0x0000000099fbb388,0x00000000b0980000)
 Metaspace       used 91551K, committed 93312K, reserved 1179648K
  class space    used 9024K, committed 9920K, reserved 1048576K
}
Event: 47188.212 GC heap before
{Heap before GC invocations=4615 (full 6):
 PSYoungGen      total 57344K, used 57316K [0x00000000d5580000, 0x00000000dbd00000, 0x0000000100000000)
  eden space 52224K, 100% used [0x00000000d5580000,0x00000000d8880000,0x00000000d8880000)
  from space 5120K, 99% used [0x00000000d9c00000,0x00000000da0f9190,0x00000000da100000)
  to   space 19968K, 0% used [0x00000000d8880000,0x00000000d8880000,0x00000000d9c00000)
 ParOldGen       total 796160K, used 425708K [0x0000000080000000, 0x00000000b0980000, 0x00000000d5580000)
  object space 796160K, 53% used [0x0000000080000000,0x0000000099fbb388,0x00000000b0980000)
 Metaspace       used 91559K, committed 93312K, reserved 1179648K
  class space    used 9024K, committed 9920K, reserved 1048576K
}
Event: 47189.883 GC heap after
{Heap after GC invocations=4615 (full 6):
 PSYoungGen      total 60928K, used 10234K [0x00000000d5580000, 0x00000000da100000, 0x0000000100000000)
  eden space 50688K, 0% used [0x00000000d5580000,0x00000000d5580000,0x00000000d8700000)
  from space 10240K, 99% used [0x00000000d8880000,0x00000000d927ea68,0x00000000d9280000)
  to   space 13312K, 0% used [0x00000000d9400000,0x00000000d9400000,0x00000000da100000)
 ParOldGen       total 796160K, used 430828K [0x0000000080000000, 0x00000000b0980000, 0x00000000d5580000)
  object space 796160K, 54% used [0x0000000080000000,0x000000009a4bb2b0,0x00000000b0980000)
 Metaspace       used 91559K, committed 93312K, reserved 1179648K
  class space    used 9024K, committed 9920K, reserved 1048576K
}
Event: 47195.864 GC heap before
{Heap before GC invocations=4616 (full 6):
 PSYoungGen      total 60928K, used 60922K [0x00000000d5580000, 0x00000000da100000, 0x0000000100000000)
  eden space 50688K, 100% used [0x00000000d5580000,0x00000000d8700000,0x00000000d8700000)
  from space 10240K, 99% used [0x00000000d8880000,0x00000000d927ea68,0x00000000d9280000)
  to   space 13312K, 0% used [0x00000000d9400000,0x00000000d9400000,0x00000000da100000)
 ParOldGen       total 796160K, used 430828K [0x0000000080000000, 0x00000000b0980000, 0x00000000d5580000)
  object space 796160K, 54% used [0x0000000080000000,0x000000009a4bb2b0,0x00000000b0980000)
 Metaspace       used 91563K, committed 93312K, reserved 1179648K
  class space    used 9024K, committed 9920K, reserved 1048576K
}
Event: 47196.108 GC heap after
{Heap after GC invocations=4616 (full 6):
 PSYoungGen      total 53248K, used 3945K [0x00000000d5580000, 0x00000000d9800000, 0x0000000100000000)
  eden space 49152K, 0% used [0x00000000d5580000,0x00000000d5580000,0x00000000d8580000)
  from space 4096K, 96% used [0x00000000d9400000,0x00000000d97da480,0x00000000d9800000)
  to   space 7168K, 0% used [0x00000000d8a00000,0x00000000d8a00000,0x00000000d9100000)
 ParOldGen       total 796160K, used 440975K [0x0000000080000000, 0x00000000b0980000, 0x00000000d5580000)
  object space 796160K, 55% used [0x0000000080000000,0x000000009aea3ce8,0x00000000b0980000)
 Metaspace       used 91563K, committed 93312K, reserved 1179648K
  class space    used 9024K, committed 9920K, reserved 1048576K
}
Event: 50220.190 GC heap before
{Heap before GC invocations=4617 (full 6):
 PSYoungGen      total 53248K, used 53097K [0x00000000d5580000, 0x00000000d9800000, 0x0000000100000000)
  eden space 49152K, 100% used [0x00000000d5580000,0x00000000d8580000,0x00000000d8580000)
  from space 4096K, 96% used [0x00000000d9400000,0x00000000d97da480,0x00000000d9800000)
  to   space 7168K, 0% used [0x00000000d8a00000,0x00000000d8a00000,0x00000000d9100000)
 ParOldGen       total 796160K, used 440975K [0x0000000080000000, 0x00000000b0980000, 0x00000000d5580000)
  object space 796160K, 55% used [0x0000000080000000,0x000000009aea3ce8,0x00000000b0980000)
 Metaspace       used 91574K, committed 93376K, reserved 1179648K
  class space    used 9026K, committed 9920K, reserved 1048576K
}
Event: 50221.576 GC heap after
{Heap after GC invocations=4617 (full 6):
 PSYoungGen      total 52736K, used 4161K [0x00000000d5580000, 0x00000000d9480000, 0x0000000100000000)
  eden space 48128K, 0% used [0x00000000d5580000,0x00000000d5580000,0x00000000d8480000)
  from space 4608K, 90% used [0x00000000d8a00000,0x00000000d8e10688,0x00000000d8e80000)
  to   space 4608K, 0% used [0x00000000d9000000,0x00000000d9000000,0x00000000d9480000)
 ParOldGen       total 796160K, used 444802K [0x0000000080000000, 0x00000000b0980000, 0x00000000d5580000)
  object space 796160K, 55% used [0x0000000080000000,0x000000009b260808,0x00000000b0980000)
 Metaspace       used 91574K, committed 93376K, reserved 1179648K
  class space    used 9026K, committed 9920K, reserved 1048576K
}
Event: 50224.135 GC heap before
{Heap before GC invocations=4618 (full 6):
 PSYoungGen      total 52736K, used 52289K [0x00000000d5580000, 0x00000000d9480000, 0x0000000100000000)
  eden space 48128K, 100% used [0x00000000d5580000,0x00000000d8480000,0x00000000d8480000)
  from space 4608K, 90% used [0x00000000d8a00000,0x00000000d8e10688,0x00000000d8e80000)
  to   space 4608K, 0% used [0x00000000d9000000,0x00000000d9000000,0x00000000d9480000)
 ParOldGen       total 796160K, used 444802K [0x0000000080000000, 0x00000000b0980000, 0x00000000d5580000)
  object space 796160K, 55% used [0x0000000080000000,0x000000009b260808,0x00000000b0980000)
 Metaspace       used 91599K, committed 93376K, reserved 1179648K
  class space    used 9030K, committed 9920K, reserved 1048576K
}
Event: 50224.219 GC heap after
{Heap after GC invocations=4618 (full 6):
 PSYoungGen      total 51712K, used 4585K [0x00000000d5580000, 0x00000000d9480000, 0x0000000100000000)
  eden space 47104K, 0% used [0x00000000d5580000,0x00000000d5580000,0x00000000d8380000)
  from space 4608K, 99% used [0x00000000d9000000,0x00000000d947a4c0,0x00000000d9480000)
  to   space 6144K, 0% used [0x00000000d8880000,0x00000000d8880000,0x00000000d8e80000)
 ParOldGen       total 796160K, used 445994K [0x0000000080000000, 0x00000000b0980000, 0x00000000d5580000)
  object space 796160K, 56% used [0x0000000080000000,0x000000009b38a8b8,0x00000000b0980000)
 Metaspace       used 91599K, committed 93376K, reserved 1179648K
  class space    used 9030K, committed 9920K, reserved 1048576K
}
Event: 50224.982 GC heap before
{Heap before GC invocations=4619 (full 6):
 PSYoungGen      total 51712K, used 51689K [0x00000000d5580000, 0x00000000d9480000, 0x0000000100000000)
  eden space 47104K, 100% used [0x00000000d5580000,0x00000000d8380000,0x00000000d8380000)
  from space 4608K, 99% used [0x00000000d9000000,0x00000000d947a4c0,0x00000000d9480000)
  to   space 6144K, 0% used [0x00000000d8880000,0x00000000d8880000,0x00000000d8e80000)
 ParOldGen       total 796160K, used 445994K [0x0000000080000000, 0x00000000b0980000, 0x00000000d5580000)
  object space 796160K, 56% used [0x0000000080000000,0x000000009b38a8b8,0x00000000b0980000)
 Metaspace       used 91599K, committed 93376K, reserved 1179648K
  class space    used 9030K, committed 9920K, reserved 1048576K
}
Event: 50225.351 GC heap after
{Heap after GC invocations=4619 (full 6):
 PSYoungGen      total 58368K, used 6116K [0x00000000d5580000, 0x00000000dba80000, 0x0000000100000000)
  eden space 52224K, 0% used [0x00000000d5580000,0x00000000d5580000,0x00000000d8880000)
  from space 6144K, 99% used [0x00000000d8880000,0x00000000d8e791b0,0x00000000d8e80000)
  to   space 25088K, 0% used [0x00000000da200000,0x00000000da200000,0x00000000dba80000)
 ParOldGen       total 796160K, used 461960K [0x0000000080000000, 0x00000000b0980000, 0x00000000d5580000)
  object space 796160K, 58% used [0x0000000080000000,0x000000009c322080,0x00000000b0980000)
 Metaspace       used 91599K, committed 93376K, reserved 1179648K
  class space    used 9030K, committed 9920K, reserved 1048576K
}
Event: 57925.475 GC heap before
{Heap before GC invocations=4620 (full 6):
 PSYoungGen      total 58368K, used 58340K [0x00000000d5580000, 0x00000000dba80000, 0x0000000100000000)
  eden space 52224K, 100% used [0x00000000d5580000,0x00000000d8880000,0x00000000d8880000)
  from space 6144K, 99% used [0x00000000d8880000,0x00000000d8e791b0,0x00000000d8e80000)
  to   space 25088K, 0% used [0x00000000da200000,0x00000000da200000,0x00000000dba80000)
 ParOldGen       total 796160K, used 461960K [0x0000000080000000, 0x00000000b0980000, 0x00000000d5580000)
  object space 796160K, 58% used [0x0000000080000000,0x000000009c322080,0x00000000b0980000)
 Metaspace       used 91697K, committed 93504K, reserved 1179648K
  class space    used 9036K, committed 9920K, reserved 1048576K
}
Event: 57928.569 GC heap after
{Heap after GC invocations=4620 (full 6):
 PSYoungGen      total 52736K, used 1738K [0x00000000d5580000, 0x00000000da400000, 0x0000000100000000)
  eden space 50688K, 0% used [0x00000000d5580000,0x00000000d5580000,0x00000000d8700000)
  from space 2048K, 84% used [0x00000000da200000,0x00000000da3b2800,0x00000000da400000)
  to   space 9216K, 0% used [0x00000000d9200000,0x00000000d9200000,0x00000000d9b00000)
 ParOldGen       total 796160K, used 467987K [0x0000000080000000, 0x00000000b0980000, 0x00000000d5580000)
  object space 796160K, 58% used [0x0000000080000000,0x000000009c904e98,0x00000000b0980000)
 Metaspace       used 91697K, committed 93504K, reserved 1179648K
  class space    used 9036K, committed 9920K, reserved 1048576K
}
Event: 58149.693 GC heap before
{Heap before GC invocations=4621 (full 6):
 PSYoungGen      total 52736K, used 52426K [0x00000000d5580000, 0x00000000da400000, 0x0000000100000000)
  eden space 50688K, 100% used [0x00000000d5580000,0x00000000d8700000,0x00000000d8700000)
  from space 2048K, 84% used [0x00000000da200000,0x00000000da3b2800,0x00000000da400000)
  to   space 9216K, 0% used [0x00000000d9200000,0x00000000d9200000,0x00000000d9b00000)
 ParOldGen       total 796160K, used 467987K [0x0000000080000000, 0x00000000b0980000, 0x00000000d5580000)
  object space 796160K, 58% used [0x0000000080000000,0x000000009c904e98,0x00000000b0980000)
 Metaspace       used 91719K, committed 93504K, reserved 1179648K
  class space    used 9038K, committed 9920K, reserved 1048576K
}
Event: 58151.330 GC heap after
{Heap after GC invocations=4621 (full 6):
 PSYoungGen      total 58368K, used 3665K [0x00000000d5580000, 0x00000000da280000, 0x0000000100000000)
  eden space 49152K, 0% used [0x00000000d5580000,0x00000000d5580000,0x00000000d8580000)
  from space 9216K, 39% used [0x00000000d9200000,0x00000000d9594688,0x00000000d9b00000)
  to   space 4608K, 0% used [0x00000000d9e00000,0x00000000d9e00000,0x00000000da280000)
 ParOldGen       total 796160K, used 469584K [0x0000000080000000, 0x00000000b0980000, 0x00000000d5580000)
  object space 796160K, 58% used [0x0000000080000000,0x000000009ca94378,0x00000000b0980000)
 Metaspace       used 91719K, committed 93504K, reserved 1179648K
  class space    used 9038K, committed 9920K, reserved 1048576K
}

